2021-05-24 17:40:36,264 [Worker-2: Loading available Gradle versions] INFO  o.e.b.c.i.u.g.PublishedGradleVersions - Gradle version information cache is out-of-date. Trying to update.
2021-05-24 17:40:37,065 [Worker-2: Loading available Gradle versions] ERROR o.e.b.c.i.u.g.PublishedGradleVersions - Cannot write Gradle version information cache file.
java.io.FileNotFoundException: C:\Users\shahi\.tooling\gradle\versions.json (Access is denied)
	at java.io.FileOutputStream.open0(Native Method) ~[na:1.8.0_271]
	at java.io.FileOutputStream.open(Unknown Source) ~[na:1.8.0_271]
	at java.io.FileOutputStream.<init>(Unknown Source) ~[na:1.8.0_271]
	at com.google.common.io.Files$FileByteSink.openStream(Files.java:193) ~[com.google.guava_27.1.0.v20190517-1946.jar:na]
	at com.google.common.io.Files$FileByteSink.openStream(Files.java:181) ~[com.google.guava_27.1.0.v20190517-1946.jar:na]
	at com.google.common.io.ByteSink$AsCharSink.openStream(ByteSink.java:149) ~[com.google.guava_27.1.0.v20190517-1946.jar:na]
	at com.google.common.io.CharSource$StringCharSource.copyTo(CharSource.java:648) ~[com.google.guava_27.1.0.v20190517-1946.jar:na]
	at org.eclipse.buildship.core.internal.util.gradle.PublishedGradleVersions.storeCacheVersionsFile(PublishedGradleVersions.java:184) [org.eclipse.buildship.core_3.1.3.v20191118-1057.jar:na]
	at org.eclipse.buildship.core.internal.util.gradle.PublishedGradleVersions.tryToDownloadAndCacheVersions(PublishedGradleVersions.java:150) [org.eclipse.buildship.core_3.1.3.v20191118-1057.jar:na]
	at org.eclipse.buildship.core.internal.util.gradle.PublishedGradleVersions.tryToUpdateOutdatedVersionsFile(PublishedGradleVersions.java:133) [org.eclipse.buildship.core_3.1.3.v20191118-1057.jar:na]
	at org.eclipse.buildship.core.internal.util.gradle.PublishedGradleVersions.create(PublishedGradleVersions.java:117) [org.eclipse.buildship.core_3.1.3.v20191118-1057.jar:na]
	at org.eclipse.buildship.core.internal.util.gradle.PublishedGradleVersionsWrapper$LoadVersionsJob.run(PublishedGradleVersionsWrapper.java:60) [org.eclipse.buildship.core_3.1.3.v20191118-1057.jar:na]
	at org.eclipse.core.internal.jobs.Worker.run(Worker.java:63) [org.eclipse.core.jobs_3.10.600.v20191122-2104.jar:na]
2021-05-25 20:20:59,113 [Worker-6: Loading available Gradle versions] INFO  o.e.b.c.i.u.g.PublishedGradleVersions - Gradle version information cache is out-of-date. Trying to update.
2021-05-25 20:21:01,890 [Worker-6: Loading available Gradle versions] ERROR o.e.b.c.i.u.g.PublishedGradleVersions - Cannot write Gradle version information cache file.
java.io.FileNotFoundException: C:\Users\shahi\.tooling\gradle\versions.json (Access is denied)
	at java.io.FileOutputStream.open0(Native Method) ~[na:1.8.0_271]
	at java.io.FileOutputStream.open(Unknown Source) ~[na:1.8.0_271]
	at java.io.FileOutputStream.<init>(Unknown Source) ~[na:1.8.0_271]
	at com.google.common.io.Files$FileByteSink.openStream(Files.java:193) ~[com.google.guava_27.1.0.v20190517-1946.jar:na]
	at com.google.common.io.Files$FileByteSink.openStream(Files.java:181) ~[com.google.guava_27.1.0.v20190517-1946.jar:na]
	at com.google.common.io.ByteSink$AsCharSink.openStream(ByteSink.java:149) ~[com.google.guava_27.1.0.v20190517-1946.jar:na]
	at com.google.common.io.CharSource$StringCharSource.copyTo(CharSource.java:648) ~[com.google.guava_27.1.0.v20190517-1946.jar:na]
	at org.eclipse.buildship.core.internal.util.gradle.PublishedGradleVersions.storeCacheVersionsFile(PublishedGradleVersions.java:184) [org.eclipse.buildship.core_3.1.3.v20191118-1057.jar:na]
	at org.eclipse.buildship.core.internal.util.gradle.PublishedGradleVersions.tryToDownloadAndCacheVersions(PublishedGradleVersions.java:150) [org.eclipse.buildship.core_3.1.3.v20191118-1057.jar:na]
	at org.eclipse.buildship.core.internal.util.gradle.PublishedGradleVersions.tryToUpdateOutdatedVersionsFile(PublishedGradleVersions.java:133) [org.eclipse.buildship.core_3.1.3.v20191118-1057.jar:na]
	at org.eclipse.buildship.core.internal.util.gradle.PublishedGradleVersions.create(PublishedGradleVersions.java:117) [org.eclipse.buildship.core_3.1.3.v20191118-1057.jar:na]
	at org.eclipse.buildship.core.internal.util.gradle.PublishedGradleVersionsWrapper$LoadVersionsJob.run(PublishedGradleVersionsWrapper.java:60) [org.eclipse.buildship.core_3.1.3.v20191118-1057.jar:na]
	at org.eclipse.core.internal.jobs.Worker.run(Worker.java:63) [org.eclipse.core.jobs_3.10.600.v20191122-2104.jar:na]
2021-05-26 10:56:56,792 [Worker-0: Loading available Gradle versions] INFO  o.e.b.c.i.u.g.PublishedGradleVersions - Gradle version information cache is out-of-date. Trying to update.
2021-05-26 10:56:59,897 [Worker-0: Loading available Gradle versions] ERROR o.e.b.c.i.u.g.PublishedGradleVersions - Cannot write Gradle version information cache file.
java.io.FileNotFoundException: C:\Users\shahi\.tooling\gradle\versions.json (Access is denied)
	at java.io.FileOutputStream.open0(Native Method) ~[na:1.8.0_271]
	at java.io.FileOutputStream.open(Unknown Source) ~[na:1.8.0_271]
	at java.io.FileOutputStream.<init>(Unknown Source) ~[na:1.8.0_271]
	at com.google.common.io.Files$FileByteSink.openStream(Files.java:193) ~[com.google.guava_27.1.0.v20190517-1946.jar:na]
	at com.google.common.io.Files$FileByteSink.openStream(Files.java:181) ~[com.google.guava_27.1.0.v20190517-1946.jar:na]
	at com.google.common.io.ByteSink$AsCharSink.openStream(ByteSink.java:149) ~[com.google.guava_27.1.0.v20190517-1946.jar:na]
	at com.google.common.io.CharSource$StringCharSource.copyTo(CharSource.java:648) ~[com.google.guava_27.1.0.v20190517-1946.jar:na]
	at org.eclipse.buildship.core.internal.util.gradle.PublishedGradleVersions.storeCacheVersionsFile(PublishedGradleVersions.java:184) [org.eclipse.buildship.core_3.1.3.v20191118-1057.jar:na]
	at org.eclipse.buildship.core.internal.util.gradle.PublishedGradleVersions.tryToDownloadAndCacheVersions(PublishedGradleVersions.java:150) [org.eclipse.buildship.core_3.1.3.v20191118-1057.jar:na]
	at org.eclipse.buildship.core.internal.util.gradle.PublishedGradleVersions.tryToUpdateOutdatedVersionsFile(PublishedGradleVersions.java:133) [org.eclipse.buildship.core_3.1.3.v20191118-1057.jar:na]
	at org.eclipse.buildship.core.internal.util.gradle.PublishedGradleVersions.create(PublishedGradleVersions.java:117) [org.eclipse.buildship.core_3.1.3.v20191118-1057.jar:na]
	at org.eclipse.buildship.core.internal.util.gradle.PublishedGradleVersionsWrapper$LoadVersionsJob.run(PublishedGradleVersionsWrapper.java:60) [org.eclipse.buildship.core_3.1.3.v20191118-1057.jar:na]
	at org.eclipse.core.internal.jobs.Worker.run(Worker.java:63) [org.eclipse.core.jobs_3.10.600.v20191122-2104.jar:na]
2021-05-26 13:00:19,556 [Worker-3: Loading available Gradle versions] INFO  o.e.b.c.i.u.g.PublishedGradleVersions - Gradle version information cache is out-of-date. Trying to update.
2021-05-26 13:00:20,769 [Worker-3: Loading available Gradle versions] ERROR o.e.b.c.i.u.g.PublishedGradleVersions - Cannot write Gradle version information cache file.
java.io.FileNotFoundException: C:\Users\shahi\.tooling\gradle\versions.json (Access is denied)
	at java.io.FileOutputStream.open0(Native Method) ~[na:1.8.0_271]
	at java.io.FileOutputStream.open(Unknown Source) ~[na:1.8.0_271]
	at java.io.FileOutputStream.<init>(Unknown Source) ~[na:1.8.0_271]
	at com.google.common.io.Files$FileByteSink.openStream(Files.java:193) ~[com.google.guava_27.1.0.v20190517-1946.jar:na]
	at com.google.common.io.Files$FileByteSink.openStream(Files.java:181) ~[com.google.guava_27.1.0.v20190517-1946.jar:na]
	at com.google.common.io.ByteSink$AsCharSink.openStream(ByteSink.java:149) ~[com.google.guava_27.1.0.v20190517-1946.jar:na]
	at com.google.common.io.CharSource$StringCharSource.copyTo(CharSource.java:648) ~[com.google.guava_27.1.0.v20190517-1946.jar:na]
	at org.eclipse.buildship.core.internal.util.gradle.PublishedGradleVersions.storeCacheVersionsFile(PublishedGradleVersions.java:184) [org.eclipse.buildship.core_3.1.3.v20191118-1057.jar:na]
	at org.eclipse.buildship.core.internal.util.gradle.PublishedGradleVersions.tryToDownloadAndCacheVersions(PublishedGradleVersions.java:150) [org.eclipse.buildship.core_3.1.3.v20191118-1057.jar:na]
	at org.eclipse.buildship.core.internal.util.gradle.PublishedGradleVersions.tryToUpdateOutdatedVersionsFile(PublishedGradleVersions.java:133) [org.eclipse.buildship.core_3.1.3.v20191118-1057.jar:na]
	at org.eclipse.buildship.core.internal.util.gradle.PublishedGradleVersions.create(PublishedGradleVersions.java:117) [org.eclipse.buildship.core_3.1.3.v20191118-1057.jar:na]
	at org.eclipse.buildship.core.internal.util.gradle.PublishedGradleVersionsWrapper$LoadVersionsJob.run(PublishedGradleVersionsWrapper.java:60) [org.eclipse.buildship.core_3.1.3.v20191118-1057.jar:na]
	at org.eclipse.core.internal.jobs.Worker.run(Worker.java:63) [org.eclipse.core.jobs_3.10.600.v20191122-2104.jar:na]
2021-05-26 14:19:40,244 [Worker-1: Loading available Gradle versions] INFO  o.e.b.c.i.u.g.PublishedGradleVersions - Gradle version information cache is out-of-date. Trying to update.
2021-05-26 14:19:41,431 [Worker-1: Loading available Gradle versions] ERROR o.e.b.c.i.u.g.PublishedGradleVersions - Cannot write Gradle version information cache file.
java.io.FileNotFoundException: C:\Users\shahi\.tooling\gradle\versions.json (Access is denied)
	at java.io.FileOutputStream.open0(Native Method) ~[na:1.8.0_271]
	at java.io.FileOutputStream.open(Unknown Source) ~[na:1.8.0_271]
	at java.io.FileOutputStream.<init>(Unknown Source) ~[na:1.8.0_271]
	at com.google.common.io.Files$FileByteSink.openStream(Files.java:193) ~[com.google.guava_27.1.0.v20190517-1946.jar:na]
	at com.google.common.io.Files$FileByteSink.openStream(Files.java:181) ~[com.google.guava_27.1.0.v20190517-1946.jar:na]
	at com.google.common.io.ByteSink$AsCharSink.openStream(ByteSink.java:149) ~[com.google.guava_27.1.0.v20190517-1946.jar:na]
	at com.google.common.io.CharSource$StringCharSource.copyTo(CharSource.java:648) ~[com.google.guava_27.1.0.v20190517-1946.jar:na]
	at org.eclipse.buildship.core.internal.util.gradle.PublishedGradleVersions.storeCacheVersionsFile(PublishedGradleVersions.java:184) [org.eclipse.buildship.core_3.1.3.v20191118-1057.jar:na]
	at org.eclipse.buildship.core.internal.util.gradle.PublishedGradleVersions.tryToDownloadAndCacheVersions(PublishedGradleVersions.java:150) [org.eclipse.buildship.core_3.1.3.v20191118-1057.jar:na]
	at org.eclipse.buildship.core.internal.util.gradle.PublishedGradleVersions.tryToUpdateOutdatedVersionsFile(PublishedGradleVersions.java:133) [org.eclipse.buildship.core_3.1.3.v20191118-1057.jar:na]
	at org.eclipse.buildship.core.internal.util.gradle.PublishedGradleVersions.create(PublishedGradleVersions.java:117) [org.eclipse.buildship.core_3.1.3.v20191118-1057.jar:na]
	at org.eclipse.buildship.core.internal.util.gradle.PublishedGradleVersionsWrapper$LoadVersionsJob.run(PublishedGradleVersionsWrapper.java:60) [org.eclipse.buildship.core_3.1.3.v20191118-1057.jar:na]
	at org.eclipse.core.internal.jobs.Worker.run(Worker.java:63) [org.eclipse.core.jobs_3.10.600.v20191122-2104.jar:na]
2021-05-27 23:12:10,104 [Worker-7: Loading available Gradle versions] INFO  o.e.b.c.i.u.g.PublishedGradleVersions - Gradle version information cache is out-of-date. Trying to update.
2021-05-27 23:12:12,878 [Worker-7: Loading available Gradle versions] ERROR o.e.b.c.i.u.g.PublishedGradleVersions - Cannot write Gradle version information cache file.
java.io.FileNotFoundException: C:\Users\shahi\.tooling\gradle\versions.json (Access is denied)
	at java.io.FileOutputStream.open0(Native Method) ~[na:1.8.0_271]
	at java.io.FileOutputStream.open(Unknown Source) ~[na:1.8.0_271]
	at java.io.FileOutputStream.<init>(Unknown Source) ~[na:1.8.0_271]
	at com.google.common.io.Files$FileByteSink.openStream(Files.java:193) ~[com.google.guava_27.1.0.v20190517-1946.jar:na]
	at com.google.common.io.Files$FileByteSink.openStream(Files.java:181) ~[com.google.guava_27.1.0.v20190517-1946.jar:na]
	at com.google.common.io.ByteSink$AsCharSink.openStream(ByteSink.java:149) ~[com.google.guava_27.1.0.v20190517-1946.jar:na]
	at com.google.common.io.CharSource$StringCharSource.copyTo(CharSource.java:648) ~[com.google.guava_27.1.0.v20190517-1946.jar:na]
	at org.eclipse.buildship.core.internal.util.gradle.PublishedGradleVersions.storeCacheVersionsFile(PublishedGradleVersions.java:184) [org.eclipse.buildship.core_3.1.3.v20191118-1057.jar:na]
	at org.eclipse.buildship.core.internal.util.gradle.PublishedGradleVersions.tryToDownloadAndCacheVersions(PublishedGradleVersions.java:150) [org.eclipse.buildship.core_3.1.3.v20191118-1057.jar:na]
	at org.eclipse.buildship.core.internal.util.gradle.PublishedGradleVersions.tryToUpdateOutdatedVersionsFile(PublishedGradleVersions.java:133) [org.eclipse.buildship.core_3.1.3.v20191118-1057.jar:na]
	at org.eclipse.buildship.core.internal.util.gradle.PublishedGradleVersions.create(PublishedGradleVersions.java:117) [org.eclipse.buildship.core_3.1.3.v20191118-1057.jar:na]
	at org.eclipse.buildship.core.internal.util.gradle.PublishedGradleVersionsWrapper$LoadVersionsJob.run(PublishedGradleVersionsWrapper.java:60) [org.eclipse.buildship.core_3.1.3.v20191118-1057.jar:na]
	at org.eclipse.core.internal.jobs.Worker.run(Worker.java:63) [org.eclipse.core.jobs_3.10.600.v20191122-2104.jar:na]
2021-05-28 10:44:47,759 [Worker-5: Loading available Gradle versions] INFO  o.e.b.c.i.u.g.PublishedGradleVersions - Gradle version information cache is out-of-date. Trying to update.
2021-05-28 10:44:50,024 [Worker-5: Loading available Gradle versions] ERROR o.e.b.c.i.u.g.PublishedGradleVersions - Cannot write Gradle version information cache file.
java.io.FileNotFoundException: C:\Users\shahi\.tooling\gradle\versions.json (Access is denied)
	at java.io.FileOutputStream.open0(Native Method) ~[na:1.8.0_271]
	at java.io.FileOutputStream.open(Unknown Source) ~[na:1.8.0_271]
	at java.io.FileOutputStream.<init>(Unknown Source) ~[na:1.8.0_271]
	at com.google.common.io.Files$FileByteSink.openStream(Files.java:193) ~[com.google.guava_27.1.0.v20190517-1946.jar:na]
	at com.google.common.io.Files$FileByteSink.openStream(Files.java:181) ~[com.google.guava_27.1.0.v20190517-1946.jar:na]
	at com.google.common.io.ByteSink$AsCharSink.openStream(ByteSink.java:149) ~[com.google.guava_27.1.0.v20190517-1946.jar:na]
	at com.google.common.io.CharSource$StringCharSource.copyTo(CharSource.java:648) ~[com.google.guava_27.1.0.v20190517-1946.jar:na]
	at org.eclipse.buildship.core.internal.util.gradle.PublishedGradleVersions.storeCacheVersionsFile(PublishedGradleVersions.java:184) [org.eclipse.buildship.core_3.1.3.v20191118-1057.jar:na]
	at org.eclipse.buildship.core.internal.util.gradle.PublishedGradleVersions.tryToDownloadAndCacheVersions(PublishedGradleVersions.java:150) [org.eclipse.buildship.core_3.1.3.v20191118-1057.jar:na]
	at org.eclipse.buildship.core.internal.util.gradle.PublishedGradleVersions.tryToUpdateOutdatedVersionsFile(PublishedGradleVersions.java:133) [org.eclipse.buildship.core_3.1.3.v20191118-1057.jar:na]
	at org.eclipse.buildship.core.internal.util.gradle.PublishedGradleVersions.create(PublishedGradleVersions.java:117) [org.eclipse.buildship.core_3.1.3.v20191118-1057.jar:na]
	at org.eclipse.buildship.core.internal.util.gradle.PublishedGradleVersionsWrapper$LoadVersionsJob.run(PublishedGradleVersionsWrapper.java:60) [org.eclipse.buildship.core_3.1.3.v20191118-1057.jar:na]
	at org.eclipse.core.internal.jobs.Worker.run(Worker.java:63) [org.eclipse.core.jobs_3.10.600.v20191122-2104.jar:na]
